<?xml version="1.0" encoding="UTF-8"?>
<!-- Generated by org.testng.reporters.JUnitXMLReporter -->
<testsuite ignored="3" hostname="Testriq-20s-MacBook-Pro.local" failures="0" tests="1" name="Default test" time="92.158" errors="0" timestamp="2025-05-21T22:08:35 IST">
  <testcase classname="com.watch.site.contact_us.TestContactUsPage" name="test" time="0.01"/>
  <testcase classname="com.watch.site.contact_us.TestContactUsPage" name="testSuccessfulFormSubmission" time="0.0">
    <ignored/>
  </testcase> <!-- testSuccessfulFormSubmission -->
  <testcase classname="com.watch.site.contact_us.TestContactUsPage" name="testNavigationToContactUsPage" time="0.0">
    <ignored/>
  </testcase> <!-- testNavigationToContactUsPage -->
  <testcase classname="com.watch.site.contact_us.TestContactUsPage" name="testEmptyFormSubmission" time="0.0">
    <ignored/>
  </testcase> <!-- testEmptyFormSubmission -->
</testsuite> <!-- Default test -->
