<?xml version="1.0" encoding="UTF-8"?>
<!-- Generated by org.testng.reporters.JUnitXMLReporter -->
<testsuite ignored="0" hostname="Testriq-20s-MacBook-Pro.local" failures="0" tests="3" name="Contact Us Page Test" time="41.343" errors="0" timestamp="2025-05-14T18:23:18 IST">
  <testcase classname="com.watch.site.contact_us.TestContactUsPage" name="testNavigationToContactUsPage" time="14.617"/>
  <testcase classname="com.watch.site.contact_us.TestContactUsPage" name="testEmptyFormSubmission" time="6.723"/>
  <testcase classname="com.watch.site.contact_us.TestContactUsPage" name="testSuccessfulFormSubmission" time="6.326"/>
</testsuite> <!-- Contact Us Page Test -->
