<?xml version="1.0" encoding="UTF-8"?>
<!-- Generated by org.testng.reporters.JUnitXMLReporter -->
<testsuite ignored="0" hostname="LOVELESH" failures="0" tests="2" name="Search Page Test" time="25.301" errors="0" timestamp="2025-05-31T18:39:14 IST">
  <testcase classname="com.watch.site.search_result.TestSearchResultPage" name="testSearchFunctionalityWRTMatchingProduct" time="4.4"/>
  <testcase classname="com.watch.site.search_result.TestSearchResultPage" name="testSearchFunctionalityWRTNoMatchingProduct" time="1.433"/>
</testsuite> <!-- Search Page Test -->
