<?xml version="1.0" encoding="UTF-8"?>
<!-- Generated by org.testng.reporters.JUnitXMLReporter -->
<testsuite ignored="0" hostname="Testriq-20s-MacBook-Pro.local" failures="0" tests="2" name="Search Page Test" time="16.993" errors="0" timestamp="2025-05-22T11:29:45 IST">
  <testcase classname="com.watch.site.search_result.TestSearchResultPage" name="testSearchFunctionalityWRTMatchingProduct" time="2.054"/>
  <testcase classname="com.watch.site.search_result.TestSearchResultPage" name="testSearchFunctionalityWRTNoMatchingProduct" time="1.451"/>
</testsuite> <!-- Search Page Test -->
