<?xml version="1.0" encoding="UTF-8"?>
<testng-results ignored="0" total="6" passed="5" failed="1" skipped="0">
  <reporter-output>
  </reporter-output>
  <suite started-at="2025-05-31T18:39:45 IST" name="Master Suite 1" finished-at="2025-05-31T18:39:45 IST" duration-ms="0">
    <groups>
    </groups>
  </suite> <!-- Master Suite 1 -->
  <suite started-at="2025-05-31T18:38:49 IST" name="Sanity Suite" finished-at="2025-05-31T18:39:45 IST" duration-ms="56120">
    <groups>
    </groups>
    <test started-at="2025-05-31T18:38:49 IST" name="Search Page Test" finished-at="2025-05-31T18:39:14 IST" duration-ms="25301">
      <class name="com.watch.site.search_result.TestSearchResultPage">
        <test-method is-config="true" signature="launchWebApplication()[pri:0, instance:com.watch.site.search_result.TestSearchResultPage@55de24cc]" started-at="2025-05-31T18:38:49 IST" name="launchWebApplication" finished-at="2025-05-31T18:39:02 IST" duration-ms="13466" status="PASS">
          <reporter-output>
          </reporter-output>
        </test-method> <!-- launchWebApplication -->
        <test-method signature="testSearchFunctionalityWRTMatchingProduct()[pri:1, instance:com.watch.site.search_result.TestSearchResultPage@55de24cc]" started-at="2025-05-31T18:39:02 IST" name="testSearchFunctionalityWRTMatchingProduct" description="Verify that the search functionality returns relevant results for valid keywords" finished-at="2025-05-31T18:39:06 IST" duration-ms="4400" status="PASS">
          <reporter-output>
          </reporter-output>
        </test-method> <!-- testSearchFunctionalityWRTMatchingProduct -->
        <test-method is-config="true" signature="tearDown()[pri:0, instance:com.watch.site.search_result.TestSearchResultPage@55de24cc]" started-at="2025-05-31T18:39:06 IST" name="tearDown" finished-at="2025-05-31T18:39:07 IST" duration-ms="330" status="PASS">
          <reporter-output>
          </reporter-output>
        </test-method> <!-- tearDown -->
        <test-method is-config="true" signature="launchWebApplication()[pri:0, instance:com.watch.site.search_result.TestSearchResultPage@55de24cc]" started-at="2025-05-31T18:39:07 IST" name="launchWebApplication" finished-at="2025-05-31T18:39:12 IST" duration-ms="5444" status="PASS">
          <reporter-output>
          </reporter-output>
        </test-method> <!-- launchWebApplication -->
        <test-method signature="testSearchFunctionalityWRTNoMatchingProduct()[pri:2, instance:com.watch.site.search_result.TestSearchResultPage@55de24cc]" started-at="2025-05-31T18:39:12 IST" name="testSearchFunctionalityWRTNoMatchingProduct" description="Verify that search results shows no results when there are no matching products" finished-at="2025-05-31T18:39:14 IST" duration-ms="1433" status="PASS">
          <reporter-output>
          </reporter-output>
        </test-method> <!-- testSearchFunctionalityWRTNoMatchingProduct -->
        <test-method is-config="true" signature="tearDown()[pri:0, instance:com.watch.site.search_result.TestSearchResultPage@55de24cc]" started-at="2025-05-31T18:39:14 IST" name="tearDown" finished-at="2025-05-31T18:39:14 IST" duration-ms="194" status="PASS">
          <reporter-output>
          </reporter-output>
        </test-method> <!-- tearDown -->
      </class> <!-- com.watch.site.search_result.TestSearchResultPage -->
    </test> <!-- Search Page Test -->
    <test started-at="2025-05-31T18:39:14 IST" name="Contact Us Page Test" finished-at="2025-05-31T18:39:45 IST" duration-ms="30808">
      <class name="com.watch.site.contact_us.TestContactUsPage">
        <test-method is-config="true" signature="cleanData()[pri:0, instance:com.watch.site.contact_us.TestContactUsPage@5a5a729f]" started-at="2025-05-31T18:38:48 IST" name="cleanData" finished-at="2025-05-31T18:38:49 IST" duration-ms="29" status="PASS">
          <reporter-output>
          </reporter-output>
        </test-method> <!-- cleanData -->
        <test-method is-config="true" signature="launchWebApplication()[pri:0, instance:com.watch.site.contact_us.TestContactUsPage@5a5a729f]" started-at="2025-05-31T18:39:14 IST" name="launchWebApplication" finished-at="2025-05-31T18:39:22 IST" duration-ms="8098" status="PASS">
          <reporter-output>
          </reporter-output>
        </test-method> <!-- launchWebApplication -->
        <test-method signature="testNavigationToContactUsPage()[pri:1, instance:com.watch.site.contact_us.TestContactUsPage@5a5a729f]" started-at="2025-05-31T18:39:22 IST" name="testNavigationToContactUsPage" description="Test the navigation to Contact Us page" finished-at="2025-05-31T18:39:25 IST" duration-ms="3021" status="FAIL">
          <exception class="java.lang.AssertionError">
            <message>
              <![CDATA[expected [Contact Us] but found [CONTACT US]]]>
            </message>
            <full-stacktrace>
              <![CDATA[java.lang.AssertionError: expected [Contact Us] but found [CONTACT US]
at org.testng.Assert.fail(Assert.java:111)
at org.testng.Assert.failNotEquals(Assert.java:1578)
at org.testng.Assert.assertEqualsImpl(Assert.java:150)
at org.testng.Assert.assertEquals(Assert.java:132)
at org.testng.Assert.assertEquals(Assert.java:656)
at org.testng.Assert.assertEquals(Assert.java:666)
at com.watch.site.contact_us.TestContactUsPage.testNavigationToContactUsPage(TestContactUsPage.java:20)
at java.base/jdk.internal.reflect.DirectMethodHandleAccessor.invoke(DirectMethodHandleAccessor.java:103)
at java.base/java.lang.reflect.Method.invoke(Method.java:580)
at org.testng.internal.invokers.MethodInvocationHelper.invokeMethod(MethodInvocationHelper.java:141)
at org.testng.internal.invokers.TestInvoker.invokeMethod(TestInvoker.java:686)
at org.testng.internal.invokers.TestInvoker.invokeTestMethod(TestInvoker.java:230)
at org.testng.internal.invokers.MethodRunner.runInSequence(MethodRunner.java:63)
at org.testng.internal.invokers.TestInvoker$MethodInvocationAgent.invoke(TestInvoker.java:992)
at org.testng.internal.invokers.TestInvoker.invokeTestMethods(TestInvoker.java:203)
at org.testng.internal.invokers.TestMethodWorker.invokeTestMethods(TestMethodWorker.java:154)
at org.testng.internal.invokers.TestMethodWorker.run(TestMethodWorker.java:134)
at java.base/java.util.ArrayList.forEach(ArrayList.java:1596)
at org.testng.TestRunner.privateRun(TestRunner.java:739)
at org.testng.TestRunner.run(TestRunner.java:614)
at org.testng.SuiteRunner.runTest(SuiteRunner.java:421)
at org.testng.SuiteRunner.runSequentially(SuiteRunner.java:413)
at org.testng.SuiteRunner.privateRun(SuiteRunner.java:373)
at org.testng.SuiteRunner.run(SuiteRunner.java:312)
at org.testng.SuiteRunnerWorker.runSuite(SuiteRunnerWorker.java:52)
at org.testng.SuiteRunnerWorker.run(SuiteRunnerWorker.java:95)
at java.base/java.util.concurrent.Executors$RunnableAdapter.call(Executors.java:572)
at java.base/java.util.concurrent.FutureTask.run(FutureTask.java:317)
at org.testng.internal.thread.graph.TestNGFutureTask.run(TestNGFutureTask.java:22)
at java.base/java.util.concurrent.ThreadPoolExecutor.runWorker(ThreadPoolExecutor.java:1144)
at java.base/java.util.concurrent.ThreadPoolExecutor$Worker.run(ThreadPoolExecutor.java:642)
at java.base/java.lang.Thread.run(Thread.java:1583)
]]>
            </full-stacktrace>
          </exception> <!-- java.lang.AssertionError -->
          <reporter-output>
          </reporter-output>
        </test-method> <!-- testNavigationToContactUsPage -->
        <test-method is-config="true" signature="tearDown()[pri:0, instance:com.watch.site.contact_us.TestContactUsPage@5a5a729f]" started-at="2025-05-31T18:39:25 IST" name="tearDown" finished-at="2025-05-31T18:39:25 IST" duration-ms="228" status="PASS">
          <reporter-output>
          </reporter-output>
        </test-method> <!-- tearDown -->
        <test-method is-config="true" signature="launchWebApplication()[pri:0, instance:com.watch.site.contact_us.TestContactUsPage@5a5a729f]" started-at="2025-05-31T18:39:25 IST" name="launchWebApplication" finished-at="2025-05-31T18:39:32 IST" duration-ms="6430" status="PASS">
          <reporter-output>
          </reporter-output>
        </test-method> <!-- launchWebApplication -->
        <test-method signature="testEmptyFormSubmission()[pri:2, instance:com.watch.site.contact_us.TestContactUsPage@5a5a729f]" started-at="2025-05-31T18:39:32 IST" name="testEmptyFormSubmission" description="Test that empty form can not be submitted" finished-at="2025-05-31T18:39:34 IST" duration-ms="1930" status="PASS">
          <reporter-output>
          </reporter-output>
        </test-method> <!-- testEmptyFormSubmission -->
        <test-method is-config="true" signature="tearDown()[pri:0, instance:com.watch.site.contact_us.TestContactUsPage@5a5a729f]" started-at="2025-05-31T18:39:34 IST" name="tearDown" finished-at="2025-05-31T18:39:34 IST" duration-ms="180" status="PASS">
          <reporter-output>
          </reporter-output>
        </test-method> <!-- tearDown -->
        <test-method is-config="true" signature="launchWebApplication()[pri:0, instance:com.watch.site.contact_us.TestContactUsPage@5a5a729f]" started-at="2025-05-31T18:39:34 IST" name="launchWebApplication" finished-at="2025-05-31T18:39:40 IST" duration-ms="5660" status="PASS">
          <reporter-output>
          </reporter-output>
        </test-method> <!-- launchWebApplication -->
        <test-method signature="testSuccessfulFormSubmission()[pri:3, instance:com.watch.site.contact_us.TestContactUsPage@5a5a729f]" started-at="2025-05-31T18:39:40 IST" name="testSuccessfulFormSubmission" description="Test that Contact Us form submission sent a message" finished-at="2025-05-31T18:39:44 IST" duration-ms="4870" status="PASS">
          <reporter-output>
          </reporter-output>
        </test-method> <!-- testSuccessfulFormSubmission -->
        <test-method is-config="true" signature="tearDown()[pri:0, instance:com.watch.site.contact_us.TestContactUsPage@5a5a729f]" started-at="2025-05-31T18:39:44 IST" name="tearDown" finished-at="2025-05-31T18:39:45 IST" duration-ms="195" status="PASS">
          <reporter-output>
          </reporter-output>
        </test-method> <!-- tearDown -->
      </class> <!-- com.watch.site.contact_us.TestContactUsPage -->
    </test> <!-- Contact Us Page Test -->
  </suite> <!-- Sanity Suite -->
  <suite started-at="2025-05-31T18:38:49 IST" name="Regression Suite" finished-at="2025-05-31T18:39:11 IST" duration-ms="22545">
    <groups>
    </groups>
    <test started-at="2025-05-31T18:38:49 IST" name="Product Added To Cart Test" finished-at="2025-05-31T18:39:11 IST" duration-ms="22545">
      <class name="com.watch.site.product.TestProductAddedToCart">
        <test-method is-config="true" signature="cleanData()[pri:0, instance:com.watch.site.product.TestProductAddedToCart@65987993]" started-at="2025-05-31T18:38:48 IST" name="cleanData" finished-at="2025-05-31T18:38:49 IST" duration-ms="29" status="PASS">
          <reporter-output>
          </reporter-output>
        </test-method> <!-- cleanData -->
        <test-method is-config="true" signature="launchWebApplication()[pri:0, instance:com.watch.site.product.TestProductAddedToCart@65987993]" started-at="2025-05-31T18:38:49 IST" name="launchWebApplication" finished-at="2025-05-31T18:39:02 IST" duration-ms="13513" status="PASS">
          <reporter-output>
          </reporter-output>
        </test-method> <!-- launchWebApplication -->
        <test-method signature="testSuccessfulProductAddToCart()[pri:0, instance:com.watch.site.product.TestProductAddedToCart@65987993]" started-at="2025-05-31T18:39:02 IST" name="testSuccessfulProductAddToCart" description="Test that product is successfully added in the cart" finished-at="2025-05-31T18:39:11 IST" duration-ms="8767" status="PASS">
          <reporter-output>
          </reporter-output>
        </test-method> <!-- testSuccessfulProductAddToCart -->
        <test-method is-config="true" signature="tearDown()[pri:0, instance:com.watch.site.product.TestProductAddedToCart@65987993]" started-at="2025-05-31T18:39:11 IST" name="tearDown" finished-at="2025-05-31T18:39:11 IST" duration-ms="235" status="PASS">
          <reporter-output>
          </reporter-output>
        </test-method> <!-- tearDown -->
      </class> <!-- com.watch.site.product.TestProductAddedToCart -->
    </test> <!-- Product Added To Cart Test -->
  </suite> <!-- Regression Suite -->
</testng-results>
