<?xml version="1.0" encoding="UTF-8"?>
<testng-results ignored="0" total="1" passed="1" failed="0" skipped="0">
  <reporter-output>
  </reporter-output>
  <suite started-at="2025-05-21T22:06:57 IST" name="Default suite" finished-at="2025-05-21T22:08:30 IST" duration-ms="92158">
    <groups>
    </groups>
    <test started-at="2025-05-21T22:06:57 IST" name="Default test" finished-at="2025-05-21T22:08:30 IST" duration-ms="92158">
      <class name="com.watch.site.contact_us.TestContactUsPage">
        <test-method is-config="true" signature="launchWebApplication()[pri:0, instance:com.watch.site.contact_us.TestContactUsPage@74f0ea28]" started-at="2025-05-21T22:06:57 IST" name="launchWebApplication" finished-at="2025-05-21T22:08:30 IST" duration-ms="92045" status="PASS">
          <reporter-output>
          </reporter-output>
        </test-method> <!-- launchWebApplication -->
        <test-method signature="test()[pri:0, instance:com.watch.site.contact_us.TestContactUsPage@74f0ea28]" started-at="2025-05-21T22:08:30 IST" name="test" finished-at="2025-05-21T22:08:30 IST" duration-ms="10" status="PASS">
          <reporter-output>
          </reporter-output>
        </test-method> <!-- test -->
        <test-method is-config="true" signature="tearDown()[pri:0, instance:com.watch.site.contact_us.TestContactUsPage@74f0ea28]" started-at="2025-05-21T22:08:30 IST" name="tearDown" finished-at="2025-05-21T22:08:30 IST" duration-ms="85" status="PASS">
          <reporter-output>
          </reporter-output>
        </test-method> <!-- tearDown -->
      </class> <!-- com.watch.site.contact_us.TestContactUsPage -->
    </test> <!-- Default test -->
  </suite> <!-- Default suite -->
</testng-results>
